2021-07-07T02:05:13.303-0300 INFO ======mensaje enviado a url http://netflix.com/notification
2021-07-07T02:05:13.774-0300 INFO ======mensaje enviado a url http://notification.disney.com
2021-07-07T02:05:14.141-0300 INFO ======mensaje enviado a url http://notify.paramount.com
2021-07-07T02:05:14.283-0300 INFO ======mensaje enviado a url http://localhost:8080/suscription/demo/1
2021-07-07T02:05:38.084-0300 INFO ======mensaje enviado a url http://netflix.com/notification
2021-07-07T02:05:38.425-0300 INFO ======mensaje enviado a url http://notification.disney.com
2021-07-07T02:05:38.437-0300 INFO ======mensaje enviado a url http://notify.paramount.com
2021-07-07T02:05:38.448-0300 INFO ======mensaje enviado a url http://localhost:8080/suscription/demo/1
2021-07-07T10:08:07.883-0300 INFO ======mensaje enviado a url http://netflix.com/notification
2021-07-07T10:08:08.547-0300 INFO ======mensaje enviado a url http://notification.disney.com
2021-07-07T10:08:08.747-0300 INFO ======mensaje enviado a url http://notify.paramount.com
2021-07-07T10:08:08.898-0300 INFO ======mensaje enviado a url http://netflix.com/notification
2021-07-07T10:08:09.157-0300 INFO ======mensaje enviado a url http://notification.disney.com
2021-07-07T10:08:09.158-0300 INFO ======mensaje enviado a url http://notify.paramount.com
2021-07-07T10:08:09.453-0300 INFO ======mensaje enviado a url http://netflix.com/notification
2021-07-07T10:08:09.673-0300 INFO ======mensaje enviado a url http://notification.disney.com
2021-07-07T10:08:09.674-0300 INFO ======mensaje enviado a url http://notify.paramount.com
2021-07-07T10:08:09.691-0300 INFO ======mensaje enviado a url http://netflix.com/notification
2021-07-07T10:08:09.875-0300 INFO ======mensaje enviado a url http://notification.disney.com
2021-07-07T10:08:09.876-0300 INFO ======mensaje enviado a url http://notify.paramount.com
2021-07-07T18:28:07.537-0300 INFO ======mensaje enviado a url http://netflix.com/notification
2021-07-07T18:28:08.203-0300 INFO ======mensaje enviado a url http://notification.disney.com
2021-07-07T18:28:08.396-0300 INFO ======mensaje enviado a url http://notify.paramount.com
2021-07-07T18:29:01.687-0300 INFO ======mensaje enviado a url http://notification.netflix.com
2021-07-07T18:29:01.869-0300 INFO ======mensaje enviado a url http://localhost:8080/suscription/demo/1
2021-07-07T18:55:58.644-0300 INFO ======mensaje enviado a url http://netflix.com/notification
2021-07-07T18:55:59.234-0300 INFO ======mensaje enviado a url http://notification.disney.com
2021-07-07T18:55:59.404-0300 INFO ======mensaje enviado a url http://notify.paramount.com
2021-07-07T19:03:33.362-0300 INFO ======mensaje enviado a url http://netflix.com/notification
2021-07-07T19:03:33.776-0300 INFO ======mensaje enviado a url http://notification.disney.com
2021-07-07T19:03:33.944-0300 INFO ======mensaje enviado a url http://notify.paramount.com
2021-07-07T19:04:26.119-0300 INFO ======mensaje enviado a url http://netflix.com/notification
2021-07-07T19:04:26.443-0300 INFO ======mensaje enviado a url http://notification.disney.com
2021-07-07T19:04:26.452-0300 INFO ======mensaje enviado a url http://notify.paramount.com
2021-07-07T19:08:30.025-0300 INFO ======mensaje enviado a url http://notification.netflix.com
2021-07-07T19:13:51.586-0300 INFO ======mensaje enviado a url http://notification.netflix.com
2021-07-07T19:21:08.142-0300 INFO ======mensaje enviado a url http://notification.netflix.com
2021-07-07T19:22:07.217-0300 INFO ======mensaje enviado a url http://netflix.com/notification
2021-07-07T19:22:07.611-0300 INFO ======mensaje enviado a url http://notification.disney.com
2021-07-07T19:22:07.802-0300 INFO ======mensaje enviado a url http://notify.paramount.com
2021-07-07T19:56:25.514-0300 INFO ======mensaje enviado a url http://netflix.com/notification
2021-07-07T19:56:26.245-0300 INFO ======mensaje enviado a url http://notification.disney.com
2021-07-07T19:56:26.413-0300 INFO ======mensaje enviado a url http://notify.paramount.com
2021-07-07T19:56:26.541-0300 INFO ======mensaje enviado a url http://netflix.com/notification
2021-07-07T19:56:26.696-0300 INFO ======mensaje enviado a url http://notification.disney.com
2021-07-07T19:56:26.696-0300 INFO ======mensaje enviado a url http://notify.paramount.com
2021-07-07T19:56:26.715-0300 INFO ======mensaje enviado a url http://netflix.com/notification
2021-07-07T19:56:26.876-0300 INFO ======mensaje enviado a url http://notification.disney.com
2021-07-07T19:56:26.876-0300 INFO ======mensaje enviado a url http://notify.paramount.com
2021-07-07T19:56:26.881-0300 INFO ======mensaje enviado a url http://netflix.com/notification
2021-07-07T19:56:27.034-0300 INFO ======mensaje enviado a url http://notification.disney.com
2021-07-07T19:56:27.035-0300 INFO ======mensaje enviado a url http://notify.paramount.com
